<?xml version="1.0" encoding="UTF-8"?>
<!-- Generated by org.testng.reporters.JUnitReportReporter -->
<testsuite name="com.shashi1.SeleniumTest" tests="2" time="0.016" ignored="0" failures="0" timestamp="04 Mar 2020 21:34:44 GMT" skipped="0" hostname="shashi" errors="0">
  <testcase name="ElementUI" time="0.000" classname="com.shashi1.SeleniumTest"/>
  <testcase name="BrowserAutomation" time="0.016" classname="com.shashi1.SeleniumTest"/>
</testsuite> <!-- com.shashi1.SeleniumTest -->
