<?xml version="1.0" encoding="UTF-8"?>
<!-- Generated by org.testng.reporters.JUnitReportReporter -->
<testsuite name="com.shashi1.APITest" tests="1" time="0.032" ignored="1" failures="0" timestamp="05 Mar 2020 18:01:56 GMT" skipped="0" hostname="shashi" errors="0">
  <testcase name="PostJira" time="0.032" classname="com.shashi1.APITest"/>
  <testcase name="DeleteTwitter" classname="com.shashi1.APITest">
    <skipped/>
  </testcase> <!-- DeleteTwitter -->
</testsuite> <!-- com.shashi1.APITest -->
