<?xml version="1.0" encoding="UTF-8"?>
<!-- Generated by org.testng.reporters.JUnitReportReporter -->
<testsuite skipped="0" hostname="shashi" name="com.shashi1.seleniumTests.TestClass" tests="1" failures="0" timestamp="06 Mar 2020 08:30:59 GMT" time="0.015" errors="0">
  <testcase name="testMethod" time="0.015" classname="com.shashi1.seleniumTests.TestClass"/>
</testsuite> <!-- com.shashi1.seleniumTests.TestClass -->
