<?xml version="1.0" encoding="UTF-8"?>
<!-- Generated by org.testng.reporters.JUnitReportReporter -->
<testsuite skipped="0" hostname="shashi" name="com.shashi1.APITest" tests="2" failures="0" timestamp="06 Mar 2020 08:30:59 GMT" time="0.062" errors="0">
  <testcase name="PostJira" time="0.015" classname="com.shashi1.APITest"/>
  <testcase name="DeleteTwitter" time="0.047" classname="com.shashi1.APITest"/>
</testsuite> <!-- com.shashi1.APITest -->
