<?xml version="1.0" encoding="UTF-8"?>
<!-- Generated by org.testng.reporters.JUnitReportReporter -->
<testsuite skipped="0" hostname="shashi" name="com.shashi1.AppiumTest" tests="2" failures="0" timestamp="06 Mar 2020 08:30:59 GMT" time="0.016" errors="0">
  <testcase name="IOSAPP" time="0.000" classname="com.shashi1.AppiumTest"/>
  <testcase name="NativeAPAndroid" time="0.016" classname="com.shashi1.AppiumTest"/>
</testsuite> <!-- com.shashi1.AppiumTest -->
